{"C:\\Users\\felip\\OneDrive\\Documentos\\GitHub\\desafio-lanchonete-2023-1\\desafio-Felipe-Soares\\src\\caixa-da-lanchonete.js": {"path":"C:\\Users\\felip\\OneDrive\\Documentos\\GitHub\\desafio-lanchonete-2023-1\\desafio-Felipe-Soares\\src\\caixa-da-lanchonete.js","all":false,"statementMap":{"0":{"start":{"line":1,"column":0},"end":{"line":1,"column":25}},"1":{"start":{"line":2,"column":0},"end":{"line":2,"column":52}},"2":{"start":{"line":3,"column":0},"end":{"line":3,"column":33}},"3":{"start":{"line":4,"column":0},"end":{"line":4,"column":57}},"4":{"start":{"line":5,"column":0},"end":{"line":5,"column":9}},"5":{"start":{"line":6,"column":0},"end":{"line":6,"column":0}},"6":{"start":{"line":7,"column":0},"end":{"line":7,"column":26}},"7":{"start":{"line":8,"column":0},"end":{"line":8,"column":25}},"8":{"start":{"line":9,"column":0},"end":{"line":9,"column":29}},"9":{"start":{"line":10,"column":0},"end":{"line":10,"column":25}},"10":{"start":{"line":11,"column":0},"end":{"line":11,"column":30}},"11":{"start":{"line":12,"column":0},"end":{"line":12,"column":27}},"12":{"start":{"line":13,"column":0},"end":{"line":13,"column":28}},"13":{"start":{"line":14,"column":0},"end":{"line":14,"column":27}},"14":{"start":{"line":15,"column":0},"end":{"line":15,"column":27}},"15":{"start":{"line":16,"column":0},"end":{"line":16,"column":10}},"16":{"start":{"line":17,"column":0},"end":{"line":17,"column":0}},"17":{"start":{"line":18,"column":0},"end":{"line":18,"column":8}},"18":{"start":{"line":19,"column":0},"end":{"line":19,"column":38}},"19":{"start":{"line":20,"column":0},"end":{"line":20,"column":38}},"20":{"start":{"line":21,"column":0},"end":{"line":21,"column":8}},"21":{"start":{"line":22,"column":0},"end":{"line":22,"column":0}},"22":{"start":{"line":23,"column":0},"end":{"line":23,"column":22}},"23":{"start":{"line":24,"column":0},"end":{"line":24,"column":47}},"24":{"start":{"line":25,"column":0},"end":{"line":25,"column":0}},"25":{"start":{"line":26,"column":0},"end":{"line":26,"column":33}},"26":{"start":{"line":27,"column":0},"end":{"line":27,"column":57}},"27":{"start":{"line":28,"column":0},"end":{"line":28,"column":47}},"28":{"start":{"line":29,"column":0},"end":{"line":29,"column":0}},"29":{"start":{"line":30,"column":0},"end":{"line":30,"column":29}},"30":{"start":{"line":31,"column":0},"end":{"line":31,"column":40}},"31":{"start":{"line":32,"column":0},"end":{"line":32,"column":13}},"32":{"start":{"line":33,"column":0},"end":{"line":33,"column":0}},"33":{"start":{"line":34,"column":0},"end":{"line":34,"column":34}},"34":{"start":{"line":35,"column":0},"end":{"line":35,"column":46}},"35":{"start":{"line":36,"column":0},"end":{"line":36,"column":13}},"36":{"start":{"line":37,"column":0},"end":{"line":37,"column":0}},"37":{"start":{"line":38,"column":0},"end":{"line":38,"column":56}},"38":{"start":{"line":39,"column":0},"end":{"line":39,"column":0}},"39":{"start":{"line":40,"column":0},"end":{"line":40,"column":50}},"40":{"start":{"line":41,"column":0},"end":{"line":41,"column":51}},"41":{"start":{"line":42,"column":0},"end":{"line":42,"column":55}},"42":{"start":{"line":43,"column":0},"end":{"line":43,"column":51}},"43":{"start":{"line":44,"column":0},"end":{"line":44,"column":54}},"44":{"start":{"line":45,"column":0},"end":{"line":45,"column":31}},"45":{"start":{"line":46,"column":0},"end":{"line":46,"column":20}},"46":{"start":{"line":47,"column":0},"end":{"line":47,"column":54}},"47":{"start":{"line":48,"column":0},"end":{"line":48,"column":13}},"48":{"start":{"line":49,"column":0},"end":{"line":49,"column":0}},"49":{"start":{"line":50,"column":0},"end":{"line":50,"column":35}},"50":{"start":{"line":51,"column":0},"end":{"line":51,"column":0}},"51":{"start":{"line":52,"column":0},"end":{"line":52,"column":63}},"52":{"start":{"line":53,"column":0},"end":{"line":53,"column":101}},"53":{"start":{"line":54,"column":0},"end":{"line":54,"column":75}},"54":{"start":{"line":55,"column":0},"end":{"line":55,"column":17}},"55":{"start":{"line":56,"column":0},"end":{"line":56,"column":13}},"56":{"start":{"line":57,"column":0},"end":{"line":57,"column":0}},"57":{"start":{"line":58,"column":0},"end":{"line":58,"column":62}},"58":{"start":{"line":59,"column":0},"end":{"line":59,"column":50}},"59":{"start":{"line":60,"column":0},"end":{"line":60,"column":13}},"60":{"start":{"line":61,"column":0},"end":{"line":61,"column":9}},"61":{"start":{"line":62,"column":0},"end":{"line":62,"column":8}},"62":{"start":{"line":63,"column":0},"end":{"line":63,"column":58}},"63":{"start":{"line":64,"column":0},"end":{"line":64,"column":5}},"64":{"start":{"line":65,"column":0},"end":{"line":65,"column":1}},"65":{"start":{"line":66,"column":0},"end":{"line":66,"column":0}},"66":{"start":{"line":67,"column":0},"end":{"line":67,"column":29}}},"s":{"0":1,"1":1,"2":19,"3":3,"4":3,"5":16,"6":16,"7":16,"8":16,"9":16,"10":16,"11":16,"12":16,"13":16,"14":16,"15":16,"16":16,"17":16,"18":16,"19":16,"20":16,"21":16,"22":16,"23":16,"24":16,"25":19,"26":27,"27":27,"28":27,"29":27,"30":2,"31":2,"32":25,"33":27,"34":1,"35":1,"36":24,"37":24,"38":24,"39":27,"40":5,"41":27,"42":9,"43":19,"44":9,"45":10,"46":1,"47":1,"48":23,"49":23,"50":23,"51":27,"52":9,"53":4,"54":4,"55":9,"56":19,"57":27,"58":14,"59":14,"60":27,"61":8,"62":8,"63":8,"64":1,"65":1,"66":1},"branchMap":{"0":{"type":"branch","line":2,"loc":{"start":{"line":2,"column":4},"end":{"line":64,"column":5}},"locations":[{"start":{"line":2,"column":4},"end":{"line":64,"column":5}}]},"1":{"type":"branch","line":3,"loc":{"start":{"line":3,"column":32},"end":{"line":5,"column":9}},"locations":[{"start":{"line":3,"column":32},"end":{"line":5,"column":9}}]},"2":{"type":"branch","line":5,"loc":{"start":{"line":5,"column":8},"end":{"line":26,"column":32}},"locations":[{"start":{"line":5,"column":8},"end":{"line":26,"column":32}}]},"3":{"type":"branch","line":26,"loc":{"start":{"line":26,"column":32},"end":{"line":61,"column":9}},"locations":[{"start":{"line":26,"column":32},"end":{"line":61,"column":9}}]},"4":{"type":"branch","line":30,"loc":{"start":{"line":30,"column":28},"end":{"line":32,"column":13}},"locations":[{"start":{"line":30,"column":28},"end":{"line":32,"column":13}}]},"5":{"type":"branch","line":32,"loc":{"start":{"line":32,"column":12},"end":{"line":34,"column":33}},"locations":[{"start":{"line":32,"column":12},"end":{"line":34,"column":33}}]},"6":{"type":"branch","line":34,"loc":{"start":{"line":34,"column":33},"end":{"line":36,"column":13}},"locations":[{"start":{"line":34,"column":33},"end":{"line":36,"column":13}}]},"7":{"type":"branch","line":36,"loc":{"start":{"line":36,"column":12},"end":{"line":40,"column":49}},"locations":[{"start":{"line":36,"column":12},"end":{"line":40,"column":49}}]},"8":{"type":"branch","line":40,"loc":{"start":{"line":40,"column":49},"end":{"line":42,"column":13}},"locations":[{"start":{"line":40,"column":49},"end":{"line":42,"column":13}}]},"9":{"type":"branch","line":42,"loc":{"start":{"line":42,"column":13},"end":{"line":48,"column":13}},"locations":[{"start":{"line":42,"column":13},"end":{"line":48,"column":13}}]},"10":{"type":"branch","line":42,"loc":{"start":{"line":42,"column":54},"end":{"line":44,"column":13}},"locations":[{"start":{"line":42,"column":54},"end":{"line":44,"column":13}}]},"11":{"type":"branch","line":44,"loc":{"start":{"line":44,"column":13},"end":{"line":48,"column":13}},"locations":[{"start":{"line":44,"column":13},"end":{"line":48,"column":13}}]},"12":{"type":"branch","line":44,"loc":{"start":{"line":44,"column":53},"end":{"line":46,"column":13}},"locations":[{"start":{"line":44,"column":53},"end":{"line":46,"column":13}}]},"13":{"type":"branch","line":46,"loc":{"start":{"line":46,"column":13},"end":{"line":48,"column":13}},"locations":[{"start":{"line":46,"column":13},"end":{"line":48,"column":13}}]},"14":{"type":"branch","line":48,"loc":{"start":{"line":48,"column":12},"end":{"line":52,"column":41}},"locations":[{"start":{"line":48,"column":12},"end":{"line":52,"column":41}}]},"15":{"type":"branch","line":52,"loc":{"start":{"line":52,"column":37},"end":{"line":52,"column":60}},"locations":[{"start":{"line":52,"column":37},"end":{"line":52,"column":60}}]},"16":{"type":"branch","line":52,"loc":{"start":{"line":52,"column":62},"end":{"line":56,"column":13}},"locations":[{"start":{"line":52,"column":62},"end":{"line":56,"column":13}}]},"17":{"type":"branch","line":53,"loc":{"start":{"line":53,"column":55},"end":{"line":53,"column":99}},"locations":[{"start":{"line":53,"column":55},"end":{"line":53,"column":99}}]},"18":{"type":"branch","line":53,"loc":{"start":{"line":53,"column":100},"end":{"line":55,"column":17}},"locations":[{"start":{"line":53,"column":100},"end":{"line":55,"column":17}}]},"19":{"type":"branch","line":56,"loc":{"start":{"line":56,"column":12},"end":{"line":58,"column":37}},"locations":[{"start":{"line":56,"column":12},"end":{"line":58,"column":37}}]},"20":{"type":"branch","line":58,"loc":{"start":{"line":58,"column":33},"end":{"line":58,"column":59}},"locations":[{"start":{"line":58,"column":33},"end":{"line":58,"column":59}}]},"21":{"type":"branch","line":58,"loc":{"start":{"line":58,"column":61},"end":{"line":60,"column":13}},"locations":[{"start":{"line":58,"column":61},"end":{"line":60,"column":13}}]},"22":{"type":"branch","line":61,"loc":{"start":{"line":61,"column":8},"end":{"line":64,"column":5}},"locations":[{"start":{"line":61,"column":8},"end":{"line":64,"column":5}}]}},"b":{"0":[19],"1":[3],"2":[16],"3":[27],"4":[2],"5":[25],"6":[1],"7":[24],"8":[5],"9":[19],"10":[9],"11":[10],"12":[9],"13":[1],"14":[23],"15":[21],"16":[9],"17":[6],"18":[4],"19":[19],"20":[10],"21":[14],"22":[8]},"fnMap":{"0":{"name":"calcularValorDaCompra","decl":{"start":{"line":2,"column":4},"end":{"line":64,"column":5}},"loc":{"start":{"line":2,"column":4},"end":{"line":64,"column":5}},"line":2}},"f":{"0":19}}
}
