TN:
SF:src\caixa-da-lanchonete.js
FN:2,calcularValorDaCompra
FNF:1
FNH:1
FNDA:19,calcularValorDaCompra
DA:1,1
DA:2,1
DA:3,19
DA:4,3
DA:5,3
DA:6,16
DA:7,16
DA:8,16
DA:9,16
DA:10,16
DA:11,16
DA:12,16
DA:13,16
DA:14,16
DA:15,16
DA:16,16
DA:17,16
DA:18,16
DA:19,16
DA:20,16
DA:21,16
DA:22,16
DA:23,16
DA:24,16
DA:25,16
DA:26,19
DA:27,27
DA:28,27
DA:29,27
DA:30,27
DA:31,2
DA:32,2
DA:33,25
DA:34,27
DA:35,1
DA:36,1
DA:37,24
DA:38,24
DA:39,24
DA:40,27
DA:41,5
DA:42,27
DA:43,9
DA:44,19
DA:45,9
DA:46,10
DA:47,1
DA:48,1
DA:49,23
DA:50,23
DA:51,23
DA:52,27
DA:53,9
DA:54,4
DA:55,4
DA:56,9
DA:57,19
DA:58,27
DA:59,14
DA:60,14
DA:61,27
DA:62,8
DA:63,8
DA:64,8
DA:65,1
DA:66,1
DA:67,1
LF:67
LH:67
BRDA:2,0,0,19
BRDA:3,1,0,3
BRDA:5,2,0,16
BRDA:26,3,0,27
BRDA:30,4,0,2
BRDA:32,5,0,25
BRDA:34,6,0,1
BRDA:36,7,0,24
BRDA:40,8,0,5
BRDA:42,9,0,19
BRDA:42,10,0,9
BRDA:44,11,0,10
BRDA:44,12,0,9
BRDA:46,13,0,1
BRDA:48,14,0,23
BRDA:52,15,0,21
BRDA:52,16,0,9
BRDA:53,17,0,6
BRDA:53,18,0,4
BRDA:56,19,0,19
BRDA:58,20,0,10
BRDA:58,21,0,14
BRDA:61,22,0,8
BRF:23
BRH:23
end_of_record
